2024-06-13T04:12:13.410Z [info]: Message sent to user with ChatID: 1840890444 from server: P-I
2024-06-13T04:12:15.643Z [info]: Message sent to user with ChatID: 1840890444 from server: P-I
2024-06-13T04:12:16.453Z [info]: Message sent to user with ChatID: 1840890444 from server: P-I
2024-06-13T04:12:17.384Z [info]: Message sent to user with ChatID: 1840890444 from server: P-I
2024-06-13T04:12:18.171Z [info]: Message sent to user with ChatID: 1840890444 from server: P-I
2024-06-13T04:13:31.863Z [info]: User OTP created for INN: 20203123010004 from server: webApp
2024-06-13T04:17:09.234Z [info]: User already activated for INN: 20203123010004 from server: P-I
2024-06-13T04:17:15.531Z [info]: User already activated for INN: 20203123010004 from server: P-I
2024-06-13T04:19:07.026Z [info]: Message sent to user with ChatID: 12227512132 from server: P-I
2024-06-13T04:19:13.672Z [info]: Message sent to user with ChatID: 12227512132 from server: P-I
2024-06-13T04:19:15.185Z [info]: Message sent to user with ChatID: 12227512132 from server: P-I
2024-06-13T04:19:16.611Z [info]: Message sent to user with ChatID: 12227512132 from server: P-I
2024-06-13T04:19:18.016Z [info]: Message sent to user with ChatID: 12227512132 from server: P-I
2024-06-13T04:27:17.083Z [error]: unauthorized server tried to access with the asd : aa1b11c7...
2024-06-13T04:27:39.652Z [error]: unauthorized server tried to access with the asd : aa1b11c7***
2024-06-13T04:37:12.887Z [error]: unauthorized server tried to access with the 12345312312
2024-06-13T04:37:15.175Z [error]: unauthorized server tried to access with the 12345312312
2024-06-13T04:37:16.164Z [error]: unauthorized server tried to access with the 12345312312
2024-06-13T04:37:16.552Z [error]: unauthorized server tried to access with the 12345312312
2024-06-13T04:37:16.989Z [error]: unauthorized server tried to access with the 12345312312
2024-06-13T04:37:43.471Z [info]: User OTP created for INN: 20203123010004 from server: webApp
2024-06-13T04:38:00.239Z [warn]: unauthorized server tried to access with the 123453213231
2024-06-13T04:38:01.659Z [warn]: unauthorized server tried to access with the 123453213231s
2024-06-13T04:38:02.025Z [warn]: unauthorized server tried to access with the 123453213231s
2024-06-13T04:38:02.379Z [warn]: unauthorized server tried to access with the 123453213231s
2024-06-13T04:38:02.718Z [warn]: unauthorized server tried to access with the 123453213231s
2024-06-13T04:39:08.263Z [info]: User OTP created for INN: 20203123010004 from server: webApp
2024-06-13T04:58:04.541Z [info]: User OTP created for INN: 20203123010004 from server: webApp
2024-06-13T06:29:27.713Z [info]: New unregistered user created for INN: 20203123010004 from server: webApp
2024-06-13T06:29:40.858Z [info]: User found but not fully registered. OTP created for INN: 20203123010004 from server: webApp
2024-06-13T06:29:45.574Z [info]: User found but not fully registered. OTP created for INN: 20203123010004 from server: webApp
2024-06-13T06:29:47.974Z [info]: User found but not fully registered. OTP created for INN: 20203123010004 from server: webApp
2024-06-13T06:29:55.151Z [info]: User found but not fully registered. OTP created for INN: 20203123010004 from server: webApp
2024-06-13T06:30:03.254Z [info]: User found but not fully registered. OTP created for INN: 20203123010004 from server: webApp
2024-06-13T06:30:39.854Z [info]: User found but not fully registered. OTP created for INN: 20203123010004 from server: webApp
2024-06-13T06:30:56.805Z [info]: User re-registering with the same Chat ID after being deactivated for INN: 20203123010004 from server: webApp
2024-06-13T06:31:04.214Z [error]: Unhandled case for user with INN: 20203123010004 from server: webApp
2024-06-13T06:42:59.100Z [error]: Unhandled case for user with INN: 20203123010004 from server: webApp
2024-06-13T06:44:54.338Z [error]: Unhandled case for user with INN: 20203123010004 from server: webApp
2024-06-13T06:44:55.262Z [error]: Unhandled case for user with INN: 20203123010004 from server: webApp
2024-06-13T06:44:55.683Z [error]: Unhandled case for user with INN: 20203123010004 from server: webApp
2024-06-13T06:56:04.940Z [error]: Unhandled case for user with INN: 20203123010004 from server: webApp
2024-06-13T06:56:29.099Z [error]: Unhandled case for user with INN: 20203123010004 from server: webApp
undefined [undefined] [error]: Unhandled case for user with INN: 20203123010004 from server: webApp
undefined [error]: Unhandled case for user with INN: 20203123010004 from server: webApp
undefined [error]: Unhandled case for user with INN: 20203123010004 from server: webApp
2024-06-13T07:03:47.579Z [error]: Unhandled case for user with INN: 20203123010004 from server: webApp
2024-06-13T07:03:58.586Z [error]: Unhandled case for user with INN: 20203123010004 from server: webApp
2024-06-13T08:27:15.915Z [error]: Error updating chat id for INN: 20203123010004 from server: webApp - Error finding user
2024-06-13T09:31:17.703Z [info]: OTP successfully verified for INN: 20203123010004, and user has loggedIn successfully from server: M-R
