2024-06-13T04:27:17.083Z [error]: unauthorized server tried to access with the asd : aa1b11c7...
2024-06-13T04:27:39.652Z [error]: unauthorized server tried to access with the asd : aa1b11c7***
2024-06-13T04:37:12.887Z [error]: unauthorized server tried to access with the 12345312312
2024-06-13T04:37:15.175Z [error]: unauthorized server tried to access with the 12345312312
2024-06-13T04:37:16.164Z [error]: unauthorized server tried to access with the 12345312312
2024-06-13T04:37:16.552Z [error]: unauthorized server tried to access with the 12345312312
2024-06-13T04:37:16.989Z [error]: unauthorized server tried to access with the 12345312312
2024-06-13T06:31:04.214Z [error]: Unhandled case for user with INN: 20203123010004 from server: webApp
2024-06-13T06:42:59.100Z [error]: Unhandled case for user with INN: 20203123010004 from server: webApp
2024-06-13T06:44:54.338Z [error]: Unhandled case for user with INN: 20203123010004 from server: webApp
2024-06-13T06:44:55.262Z [error]: Unhandled case for user with INN: 20203123010004 from server: webApp
2024-06-13T06:44:55.683Z [error]: Unhandled case for user with INN: 20203123010004 from server: webApp
{
  message: 'Unhandled case for user with INN: 20203123010004 from server: webApp',
  level: 'error',
  label: undefined,
  timestamp: '2024-06-13T06:54:52.624Z'
}
{
  message: 'Unhandled case for user with INN: 20203123010004 from server: webApp',
  level: 'error',
  label: undefined,
  timestamp: '2024-06-13T06:55:38.826Z'
}
2024-06-13T06:56:04.940Z [error]: Unhandled case for user with INN: 20203123010004 from server: webApp
2024-06-13T06:56:29.099Z [error]: Unhandled case for user with INN: 20203123010004 from server: webApp
undefined [undefined] [error]: Unhandled case for user with INN: 20203123010004 from server: webApp
undefined [error]: Unhandled case for user with INN: 20203123010004 from server: webApp
undefined [error]: Unhandled case for user with INN: 20203123010004 from server: webApp
2024-06-13T07:03:47.579Z [error]: Unhandled case for user with INN: 20203123010004 from server: webApp
2024-06-13T07:03:58.586Z [error]: Unhandled case for user with INN: 20203123010004 from server: webApp
2024-06-13T08:27:15.915Z [error]: Error updating chat id for INN: 20203123010004 from server: webApp - Error finding user
2024-06-14T05:08:10.438Z [error]: Error getting ACL list from server: webApp - column "EntityAccess" does not exist
2024-06-14T05:34:49.941Z [error]: Error getting ACL list from server: webApp - Cannot set headers after they are sent to the client
